============================= test session starts ==============================
platform linux -- Python 3.12.3, pytest-8.4.2, pluggy-1.6.0
rootdir: /home/claude/qa_platform
configfile: pytest.ini
testpaths: tests
plugins: anyio-4.15.1
collected 15 items

tests/test_adzuna_adapter.py ...                                         [ 20%]
tests/test_api.py .                                                      [ 26%]
tests/test_jooble_adapter.py ..                                          [ 40%]
tests/test_pipeline.py ...                                               [ 60%]
tests/test_scoring.py ...                                                [ 80%]
tests/test_wuzzuf_adapter.py ...                                         [100%]

=============================== warnings summary ===============================
tests/test_api.py::test_health_and_sources
  /usr/local/lib/python3.12/dist-packages/fastapi/testclient.py:1: StarletteDeprecationWarning: Using `httpx` with `starlette.testclient` is deprecated; install `httpx2` instead.
    from starlette.testclient import TestClient as TestClient  # noqa

tests/test_api.py::test_health_and_sources
  /usr/local/lib/python3.12/dist-packages/starlette/testclient.py:53: DeprecationWarning: The anyio.abc.BlockingPortal alias is deprecated, use anyio.from_thread.BlockingPortal instead.
    _PortalFactoryType = Callable[[], AbstractContextManager[anyio.abc.BlockingPortal]]

-- Docs: https://docs.pytest.org/en/stable/how-to/capture-warnings.html
======================== 15 passed, 2 warnings in 0.37s ========================
